2022-10-28 22:16:33-----dahai注册了
2022-10-29 18:35:04-----阿123注册了
2022-10-29 19:25:29-----dahai a余额为15000
2022-10-29 19:25:43-----dahai a余额为15000
2022-10-29 19:26:18-----已被锁定
2022-10-29 19:26:33-----已经解锁
2022-10-29 19:32:37-----已被锁定
2022-10-29 19:32:45-----已经解锁
2022-10-29 19:35:35-----已被锁定
2022-10-29 19:38:54-----已经解锁
2022-10-29 19:39:15-----已被锁定
2022-10-29 19:39:22-----已经解锁
2022-10-31 09:35:06-----dahai 查看了余额
2022-10-31 09:49:59-----dahai 查看了余额
2022-11-02 15:47:06-----dahai 查看了余额
2022-11-02 15:47:25-----dahai 查看了余额
2022-11-02 15:49:18-----dahai 查看了余额
2022-11-02 15:49:44-----dahai 查看了余额
2022-11-02 15:49:58-----dahai 查看了余额
2022-11-02 15:50:48-----dahai 查看了余额
2022-11-02 15:51:03-----dahai 查看了余额
2022-11-02 15:51:03-----李老师 收到 dahai 转账 50
2022-11-02 17:23:44-----lb注册了
2022-11-02 17:24:08-----lb 查看了余额
2022-11-02 17:25:17-----lb 查看了余额
2022-11-02 17:25:54-----lb 查看了余额
2022-11-02 17:25:54-----lb取出了500
2022-11-03 16:29:46-----dahai 查看了余额
2022-11-03 16:30:51-----dahai 查看了余额
2022-11-03 16:31:02-----dahai 消费了60是圆钱
2022-11-03 16:31:02-----dahai 花费 60 购买了 {'coffee': {'price': 60, 'count': 2}}
2022-11-03 16:32:04-----dahai存入50圆
2022-11-03 16:33:34-----dahai 查看了余额
2022-11-03 16:33:43-----dahai存入50圆
2022-11-03 16:33:53-----dahai 查看了余额
2022-11-03 16:49:49-----dahai 查看了余额
2022-11-03 16:49:49-----dahai取出了500
2022-11-04 15:07:43-----dahai 查看了余额
2022-11-04 15:08:16-----dahai 查看了余额
2022-11-04 15:09:01-----dahai 消费了50是圆钱
2022-11-04 15:09:01-----dahai 花费 50 购买了 {'coffee': {'price': 30, 'count': 1}, 'chicken': {'price': 20, 'count': 1}}
2022-11-04 15:29:22-----dahai 查看了流水
2022-11-04 15:30:34-----dahai 查看了余额
2022-11-04 15:30:42-----dahai 消费了8000圆钱
2022-11-04 15:30:42-----dahai 花费 8000 购买了 {'iPhone': {'price': 8000, 'count': 1}}
2022-11-04 15:30:49-----dahai 查看了流水
